nohup: ignoring input
Number of papers: 470605
Processing paper 0/470605
Index 8 - No paper found - Title: Collaborative OLAP with Tag Clouds: Web 2.0 OLAP Formalism and
  Experimental Evaluation, First Author: Daniel Lemire
Index 9 - No paper found - Title: A recursive linear time modular decomposition algorithm via LexBFS, First Author: Christophe Paul
Index 14 - No paper found - Title: Corpus sp{\'e}cialis{\'e} et ressource de sp{\'e}cialit{\'e}, First Author: Bernard Jacquemin
Index 16 - No paper found - Title: Merkle's Key Agreement Protocol is Optimal: An $O(n^2)$ Attack on any
  Key Agreement from Random Oracles, First Author: Mohammad Mahmoody
Index 19 - No paper found - Title: A Universal In-Place Reconfiguration Algorithm for Sliding Cube-Shaped
  Robots in a Quadratic Number of Moves, First Author: Scott Kominers
Index 33 - No paper found - Title: Young's axiomatization of the Shapley value - a new proof, First Author: Mikl\'os Pint\'er
Index 38 - No paper found - Title: Fusion de classifieurs pour la classification d'images sonar, First Author: Arnaud Martin
Index 76 - No paper found - Title: Hilbert's epsilon as an Operator of Indefinite Committed Choice, First Author: Claus-Peter Wirth
Index 92 - No paper found - Title: Web 2.0 OLAP: From Data Cubes to Tag Clouds, First Author: Daniel Lemire
Index 101 - No paper found - Title: Response to Refutation of Aslam's Proof that NP = P, First Author: Javaid Aslam
Index 146 - No paper found - Title: Answering Hilbert's 1st Problem, First Author: Charles Sauerbier
Index 240 - No paper found - Title: Complete Complementary Results Report of the MARF's NLP Approach to the
  DEFT 2010 Competition, First Author: Serguei Mokhov
Index 252 - No paper found - Title: On Flat Polyhedra deriving from Alexandrov's Theorem, First Author: Joseph O'Rourke
Index 256 - No paper found - Title: On the Applicability of Post's Lattice, First Author: Michael Thomas
Index 304 - No paper found - Title: Improving the Space-Bounded Version of Muchnik's Conditional Complexity
  Theorem via "Naive" Derandomization, First Author: Daniil Musatov
Index 306 - No paper found - Title: Fast Reinforcement Learning for Energy-Efficient Wireless Communications, First Author: Nicholas Mastronarde
Index 341 - No paper found - Title: A full-custom ASIC design of a 8-bit, 25 MHz, Pipeline ADC using 0.35 um
  CMOS technology, First Author: Moz R. Avendi
Index 370 - No paper found - Title: Extending B\"uchi Automata with Constraints on Data Values, First Author: Ahmet Kara
Index 372 - No paper found - Title: Finding of k in Fagin's R. Theorem 24, First Author: Algirdas Antano Maknickas Dr.
Index 380 - No paper found - Title: The Complexity of 3SAT_N and the P versus NP Problem, First Author: Ruijia Liao
Index 386 - No paper found - Title: Throw One's Cake --- and Have It Too, First Author: Yair Dombb
Index 395 - No paper found - Title: The complexity of Free-Flood-It on 2xn boards, First Author: Kitty Meeks
Index 397 - No paper found - Title: Confluence via strong normalisation in an algebraic \lambda-calculus
  with rewriting, First Author: EPTCS
Index 435 - No paper found - Title: Stability and Queueing Analysis of IEEE 802.11 Distributed Coordination
  Function, First Author: Dongjie Yin
Index 445 - No paper found - Title: The Stretch Factor of the Delaunay Triangulation Is Less Than 1.998, First Author: Ge Xia
Index 466 - No paper found - Title: Efficient Emptiness Check for Timed B\"uchi Automata (Extended version), First Author: Fr\'ed\'eric Herbreteau
Index 483 - No paper found - Title: Correlation Testing for Affine Invariant Properties on $\mathbb{F}_p^n$
  in the High Error Regime, First Author: Shachar Lovett
Index 524 - No paper found - Title: Parallel and Distributed Simulation from Many Cores to the Public Cloud
  (Extended Version), First Author: Gabriele D'Angelo
Index 526 - No paper found - Title: LUNES: Agent-based Simulation of P2P Systems (Extended Version), First Author: Gabriele D'Angelo
Index 540 - No paper found - Title: Algorithms for the minimum non-separating path and the balanced
  connected bipartition problems on grid graphs (With erratum), First Author: Bang Ye Wu
Index 543 - No paper found - Title: A Call to Arms: Revisiting Database Design, First Author: Daniel Lemire
Index 573 - No paper found - Title: On epsilon-optimality of the pursuit learning algorithm, First Author: Ryan Martin
Index 576 - No paper found - Title: Solution of Wald's game using loadings and allowed strategies, First Author: Valerio Capraro
Index 593 - No paper found - Title: Vision-Based Navigation I: A navigation filter for fusing
  DTM/correspondence updates, First Author: Oleg Kupervasser
Index 607 - No paper found - Title: On the Integrality Gap of the Subtour LP for the 1,2-TSP, First Author: Anke van Zuylen
Index 608 - No paper found - Title: Jaywalking your Dog - Computing the Fr\'echet Distance with Shortcuts, First Author: Anne Driemel
Index 630 - No paper found - Title: Strategic delegation in a sequential model with multiple stages, First Author: Paraskevas Lekeas
Index 659 - No paper found - Title: On Berry's conjectures about the stable order in PCF, First Author: Fritz Mueller
Index 695 - No paper found - Title: Solving Principal Component Pursuit in Linear Time via $l_1$ Filtering, First Author: Risheng Liu
Index 701 - No paper found - Title: Private Decayed Sum Estimation under Continual Observation, First Author: Aleksandar Nikolov
Index 711 - No paper found - Title: A Two-Step High-Order Compact Scheme for the Laplacian Operator and its
  Implementation in an Explicit Method for Integrating the Nonlinear
  Schr\"odinger Equation, First Author: Ronald Caplan
Index 744 - No paper found - Title: Enabling Adaptive Rate and Relay Selection for 802.11 Mobile Ad Hoc
  Networks, First Author: Neil Mehta
Index 746 - No paper found - Title: Innocent strategies as presheaves and interactive equivalences for CCS
  (expanded version), First Author: Tom Hirschowitz
Index 853 - No paper found - Title: Improved Bound for the Nystrom's Method and its Application to Kernel
  Classification, First Author: Tianbao Yang
Index 880 - No paper found - Title: Large Scale Spectral Clustering Using Approximate Commute Time Embedding, First Author: Lu Dang Khoa Nguyen
Index 909 - No paper found - Title: Nouvelle repr\'esentation concise exacte des motifs corr\'el\'es rares :
  Application \`a la d\'etection d'intrusions, First Author: Souad Bouasker
Index 955 - No paper found - Title: On Problems as Hard as CNFSAT, First Author: Saket Saurabh
Index 964 - No paper found - Title: An Extension of Parikh's Theorem beyond Idempotence, First Author: Michael Luttenberger
Index 1009 - No paper found - Title: Usage Des Mesures Pour La G\'en\'eration Des R\`egles d'Associations
  Cycliques, First Author: Eya Ben Ahmed
Index 1024 - No paper found - Title: Why We Shouldn't Forget Multicast in Name-oriented Publish/Subscribe, First Author: Matthias W\"ahlisch
Index 1025 - No paper found - Title: Empirical study of performance of data binding in ASP.NET web
  applications, First Author: Toni Stojanovski
Index 1034 - No paper found - Title: Continuity in Information Algebras, First Author: Xuechong Guan
Index 1036 - No paper found - Title: Securing IEEE 802.11G WLAN Using OpenVPN and Its Impact Analysis, First Author: Praveen Likhar
Index 1040 - No paper found - Title: Technical Note: Exploring \Sigma^P_2 / \Pi^P_2-hardness for
  Argumentation Problems with fixed distance to tractable classes, First Author: Wolfgang Dvo\v{r}\'ak
Index 1067 - No paper found - Title: Un protocole de routage \`a basse consommation d'\'energie selon
  l'approche de clustering pour les r\'eseaux de capteurs sans fils, First Author: Manel Khelifi
Index 1079 - No paper found - Title: Computational Tutorial on Gr\"obner bases embedding Sage in LaTeX with
  SageTEX, First Author: Edinah Gnang k
Index 1124 - No paper found - Title: Dynamic Scope-Based Dijkstra's Algorithm, First Author: Ondrej Moris
Index 1141 - No paper found - Title: Design and ASIC implementation of DUC/DDC for communication systems, First Author: Naagesh Bhat S
Index 1197 - No paper found - Title: Performance Analysis of Beacon-Less IEEE 802.15.4 Multi-Hop Networks, First Author: Rachit Srivastava
Index 1256 - No paper found - Title: Agent-Based {\mu}-Tools Integrated into a Co-Design Platform, First Author: Alain-J\'er\^ome Foug\`eres
Index 1282 - No paper found - Title: \'Evaluation et consolidation d'un r\'eseau lexical via un outil pour
  retrouver le mot sur le bout de la langue, First Author: Michael Zock
Index 1285 - No paper found - Title: Improving Security Levels of IEEE 802.16e Authentication By
  Diffie-Hellman Method, First Author: Mohammad Zabihi
Index 1304 - No paper found - Title: Technologie et pratiques bibliographiques associ\'ees \`a l'\'ecriture
  scientifique en milieu universitaire, First Author: Gerald Kembellec
Index 1340 - No paper found - Title: An Authoring System for Editing Lessons in Phonetic English in SMIL3.0, First Author: Ghalia Merzougui Mrs
Index 1462 - No paper found - Title: {\pi}-Control: A Personal Cloud Control Centre, First Author: Josef Spillner
Index 1475 - No paper found - Title: Asymptotically Optimal Algorithms for Pickup and Delivery Problems with
  Application to Large-Scale Transportation Systems, First Author: Kyle Treleaven
Index 1511 - No paper found - Title: Performance evaluation aodv, dymo, olsr and zrpad hoc routing protocol
  for ieee 802.11 mac and 802.11 dcf in vanet using qualnet, First Author: Manish Sharma Prof.
Index 1548 - No paper found - Title: Caracteriza\c{c}\~ao de tempos de ida-e-volta na Internet, First Author: Everthon Valadao
Index 1595 - No paper found - Title: We.I.Pe: Web Identification of People using e-mail ID, First Author: K.S.Kuppusamy
Index 1611 - No paper found - Title: On Effectiveness of Backlog Bounds Using Stochastic Network Calculus in
  802.11, First Author: Yue Wang
Index 1640 - No paper found - Title: Scalability of Data Binding in ASP.NET Web Applications, First Author: Toni Stojanovski
Index 1648 - No paper found - Title: Towards Maximum Spanning Tree Model in Web 3.0 Design and Development
  for Students using Discriminant Analysis, First Author: Padma S
Index 1651 - No paper found - Title: Novel Component-Based Development Model for SIP-Based Mobile Application
  (1202), First Author: Asif Khan Mr
Index 1667 - No paper found - Title: A Tutorial of 802.11 Implementation in NS-2, First Author: Yue Wang
Index 1687 - No paper found - Title: Inference in Probabilistic Logic Programs using Weighted CNF's, First Author: Daan Fierens
Index 1713 - No paper found - Title: Creating Usable Pin Array Tactons for Non-Visual Information, First Author: Thomas Pietrzak
Index 1732 - No paper found - Title: Comparing SVM and Naive Bayes classifiers for text categorization with
  Wikitology as knowledge enrichment, First Author: Rafi Muhammad
Index 1740 - No paper found - Title: McCall's Area Transformation versus the Integrated Impact Indicator (I3), First Author: Loet Leydesdorff
Index 1744 - No paper found - Title: Towards an efficient prover for the C1 paraconsistent logic, First Author: Adolfo Neto
Index 1797 - No paper found - Title: Data Mining Applications: A comparative Study for Predicting Student's
  performance, First Author: Saurabh  Pal
Index 1829 - No paper found - Title: The Stretch Factor of $L_1$- and $L_\infty$-Delaunay Triangulations, First Author: Cyril Gavoille
Index 1831 - No paper found - Title: Vertical representation of $C^{\infty}$-words, First Author: Gabriele Fici
Index 1862 - No paper found - Title: Fractional Order Phase Shaper Design with Routh's Criterion for
  Iso-damped Control System, First Author: Saptarshi Das
Index 1864 - No paper found - Title: Handling Packet Dropouts and Random Delays for Unstable Delayed
  Processes in NCS by Optimal Tuning of PI{\lambda}D{\mu} Controllers with
  Evolutionary Algorithms, First Author: Saptarshi Das
Index 1867 - No paper found - Title: Improved Model Reduction and Tuning of Fractional Order
  PI{\lambda}D{\mu} Controllers for Analytical Rule Extraction with Genetic
  Programming, First Author: Saptarshi Das
Index 1869 - No paper found - Title: Genetic Algorithm Based Improved Sub-Optimal Model Reduction in Nyquist
  Plane for Optimal Tuning Rule Extraction of PID and PI{\lambda}D{\mu}
  Controllers via Genetic Programming, First Author: Saptarshi Das
Index 1872 - No paper found - Title: Adaptive Gain and Order Scheduling of Optimal Fractional Order
  PI{\lambda}D{\mu} Controllers with Radial Basis Function Neural-Network, First Author: Saptarshi Das
Index 1889 - No paper found - Title: TCP over IEEE 802.11, First Author: Olivia Saierli
Index 1902 - No paper found - Title: Maximum Inner-Product Search using Tree Data-structures, First Author: Parikshit Ram
Index 1923 - No paper found - Title: Realisation d'un systeme de reconnaissance automatique de la parole
  arabe base sur CMU Sphinx, First Author: Florentina Pintea
Index 2033 - No paper found - Title: How much could we cover a set by c.e sets?, First Author: Farzin Delavar
Index 2067 - No paper found - Title: AD in Fortran, Part 2: Implementation via Prepreprocessor, First Author: Barak Pearlmutter
Index 2093 - No paper found - Title: Performance Analysis for Bandwidth Allocation in IEEE 802.16 Broadband
  Wireless Networks using BMAP Queueing, First Author: Said El Kafhali
Index 2115 - No paper found - Title: Design and modelling of different SRAM's based on CNTFET 32nm technology, First Author: Naagesh Bhat S
Index 2125 - No paper found - Title: Towards MAC/Anycast Diversity in IEEE 802.11n MIMO Networks, First Author: Anatolij Zubow Anatolij Zubow
Index 2129 - No paper found - Title: Design and Implementation of IEEE 802.15.4 Mac Protocol on FPGA, First Author: Naagesh Bhat S
Index 2189 - No paper found - Title: Control Theoretic Optimization of 802.11 WLANs: Implementation and
  Experimental Evaluation, First Author: Paul Patras
Index 2190 - No paper found - Title: Mining Education Data to Predict Student's Retention: A comparative
  Study, First Author: Saurabh  Pal
Index 2281 - No paper found - Title: Adopting E-commerce to User's Needs, First Author: Mohammad Alshehri
Index 2300 - No paper found - Title: Personal data disclosure and data breaches: the customer's viewpoint, First Author: Maurizio Naldi
Index 2304 - No paper found - Title: Building Healthcare - Patient Relationship with CRM 2.0: Lesson Learnt
  from Prita Mulyasari's Case, First Author: Muhammad Anshari Mr
Index 2338 - No paper found - Title: CRM 2.0 within E-Health Systems: Towards Achieving Health Literacy &
  Customer Satisfaction, First Author: Muhammad Anshari Mr
Index 2341 - No paper found - Title: Analysis of Quality of Service Performances of Connection Admission
  Control Mechanisms in OFDMA IEEE 802.16 Network using BMAP Queuing, First Author: Said El Kafhali
Index 2344 - No paper found - Title: Teacher Module in an Assistance Tool - Adaptating a device to a teaching
  context and and teacher's preferences, First Author: Marilyne Rosselle
Index 2391 - No paper found - Title: CUDA implementation of Wagener's 2D convex hull PRAM algorithm, First Author: Colm \'O D\'unlaing
Index 2397 - No paper found - Title: An Annotation Scheme for Reichenbach's Verbal Tense Structure, First Author: Leon Derczynski
Index 2447 - No paper found - Title: A 100 mA Low Voltage Linear Regulators for Systems on Chip Applications
  Using 0.18 {\mu}m CMOS Technology, First Author: Krit Salah-Ddine
Index 2494 - No paper found - Title: Towards a Tool-based Development Methodology for Pervasive Computing
  Applications, First Author: Damien Cassou
Index 2522 - No paper found - Title: Roget's Thesaurus as a Lexical Resource for Natural Language Processing, First Author: Mario Jarmasz
Index 2549 - No paper found - Title: Not As Easy As It Seems: Automating the Construction of Lexical Chains
  Using Roget's Thesaurus, First Author: Mario Jarmasz
Index 2550 - No paper found - Title: Roget's Thesaurus: a Lexical Resource to Treasure, First Author: Mario Jarmasz
Index 2555 - No paper found - Title: The lambda-mu-T-calculus, First Author: Robbert Krebbers
Index 2572 - No paper found - Title: On the Performance of Packet Aggregation in IEEE 802.11ac MU-MIMO WLANs, First Author: Boris Bellalta Dr.
Index 2583 - No paper found - Title: GeT_Move: An Efficient and Unifying Spatio-Temporal Pattern Mining
  Algorithm for Moving Objects, First Author: Hai Phan Nhat
Index 2641 - No paper found - Title: Learning Fuzzy {\beta}-Certain and {\beta}-Possible rules from
  incomplete quantitative data by rough sets, First Author: Ali Soltan Mohammadi
Index 2642 - No paper found - Title: Performance evaluation of beacon enabled IEEE 802.15.4 under NS2, First Author: Faiza Charfi
Index 2659 - No paper found - Title: Algorithmic Applications of Baur-Strassen's Theorem: Shortest Cycles,
  Diameter and Matchings, First Author: Marek Cygan
Index 2667 - No paper found - Title: The Lego Mindstorms Robotics Invention Systems 2.0 Toolkit: A Study Case, First Author: Ali Elouafiq Mr.
Index 2683 - No paper found - Title: R.F. Pollution Reduction in Cellular Communication, First Author: Sumit Katiyar
Index 2690 - No paper found - Title: Web 2.0 Technologies and Social Networking Security Fears in Enterprises, First Author: Fernando Almeida Dr.
Index 2721 - No paper found - Title: An Intelligent Approach for Dense Urban Area in existing 2G / 2.5G, First Author: Sumit Katiyar
Index 2722 - No paper found - Title: R.F. Pollution Reduction in Cellular Communication, First Author: Sumit Katiyar
Index 2838 - No paper found - Title: Event based classification of Web 2.0 text streams, First Author: Andreas Bauer
Index 2845 - No paper found - Title: Green Cellular Network Deployment To Reduce RF Pollution, First Author: Sumit Katiyar
Index 2849 - No paper found - Title: Cloudpress 2.0: A MapReduce Approach for News Retrieval on the Cloud, First Author: Arockia Anand Raj
Index 2869 - No paper found - Title: Improving Customer Service in Healthcare with CRM 2.0, First Author: Muhammad Anshari Mr
Index 2871 - No paper found - Title: E-Health Initiative and Customer's Expectation: Case Brunei, First Author: Muhammad Anshari Mr
Index 2913 - No paper found - Title: Design and Implementation of the End System to Intermediate System
  (ES-IS) Routing Information Exchange Protocol as a Loadable Kernel Module in
  Linux Kernel 2.6, First Author: Maulahikmah Galinium
Index 2914 - No paper found - Title: Design and Implementation of the Connectionless Network Protocol (CLNP)
  as Loadable Kernel Modules in Linux Kernel 2.6, First Author: Maulahikmah Galinium
Index 2953 - No paper found - Title: What's in an `is about' link? Chemical diagrams and the Information
  Artifact Ontology, First Author: Janna Hastings
Index 2987 - No paper found - Title: Computing the Discrete Fr\'echet Distance in Subquadratic Time, First Author: Rinat Ben Avraham
Index 2994 - No paper found - Title: A New Approach of Improving CFA Image for Digital Camera's, First Author: Pradeep  Singla
Index 3038 - No paper found - Title: Efficient Generation \epsilon-close to G(n,p) and Generalizations, First Author: Antonio Blanca
Index 3042 - No paper found - Title: On the Complexity of Finding Second-Best Abductive Explanations, First Author: Paolo Liberatore
Index 3066 - No paper found - Title: Efficient Video Indexing on the Web: A System that Leverages User
  Interactions with a Video Player, First Author: Konstantinos Chorianopoulos
Index 3081 - No paper found - Title: A Distinguisher-Based Attack on a Variant of McEliece's Cryptosystem
  Based on Reed-Solomon Codes, First Author: Jean-Pierre  Tillich
Index 3110 - No paper found - Title: Optical Solver of Combinatorial Problems: Nano-Technological Approach, First Author: Eyal Cohen
Index 3111 - No paper found - Title: jpf-concurrent: An extension of Java PathFinder for java.util.concurrent, First Author: Mateusz Ujma
Index 3131 - No paper found - Title: Better Balance by Being Biased: A 0.8776-Approximation for Max Bisection, First Author: Per Austrin
Index 3134 - No paper found - Title: High availability using virtualization - 3RC, First Author: Federico Calzolari
Index 3138 - No paper found - Title: Tight Bounds for Low Dimensional Star Stencils in the Parallel External
  Memory Model, First Author: Philipp Hupp
Index 3146 - No paper found - Title: Reed's conjecture on some special classes of graphs, First Author: Jean-Marie Vanherpe
Index 3147 - No paper found - Title: Reed's Conjecture on hole expansions, First Author: Jean-Marie Vanherpe
Index 3148 - No paper found - Title: Discretization of a matrix in the problem of quadratic functional binary
  minimization, First Author: Leonid Litinskii
Index 3163 - No paper found - Title: A note on the bivariate distribution representation of two perfectly
  correlated random variables by Dirac's $\delta$-function, First Author: Andr\'es Alay\'on Glazunov
Index 3203 - No paper found - Title: Smart handover based on fuzzy logic trend in IEEE802.11 mobile IPv6
  networks, First Author: Joanne Mun-Yee Lim
Index 3217 - No paper found - Title: The necessities for building a model to evaluate Business Intelligence
  projects- Literature Review, First Author: Vahid Farrokhi
Index 3231 - No paper found - Title: Chaotic multi-objective optimization based design of fractional order
  PI{\lambda}D{\mu} controller in AVR system, First Author: Saptarshi Das
Index 3232 - No paper found - Title: A Common Evaluation Setting for Just.Ask, Open Ephyra and Aranea QA
  systems, First Author: Ricardo Pires
Index 3234 - No paper found - Title: A Novel Method For Speech Segmentation Based On Speakers'
  Characteristics, First Author: Behrouz Abdolali
Index 3253 - No paper found - Title: Fast Optimal Joint Tracking-Registration for Multi-Sensor Systems, First Author: Shuqing Zeng
Index 3255 - No paper found - Title: Deploying SIP-based Mobile Exam Application onto Next Generation Network
  testbed, First Author: Asif Khan Mr
Index 3269 - No paper found - Title: Maximum Spanning Tree Model on Personalized Web Based Collaborative
  Learning in Web 3.0, First Author: Padma S
Index 3280 - No paper found - Title: GEAMS: a Greedy Energy-Aware Multipath Stream-based Routing Protocol for
  WMSNs, First Author: Samir Medjiah
Index 3333 - No paper found - Title: Intelligent learning environments within blended learning for ensuring
  effective C programming course, First Author: Utku Kose UK
Index 3371 - No paper found - Title: A Joint Model for IEEE 802.15.4 Physical and Medium Access Control
  Layers, First Author: Mohamed-Haykel Zayani
Index 3380 - No paper found - Title: 1.85 Approximation for Min-Power Strong Connectivity, First Author: Gruia Calinescu
Index 3390 - No paper found - Title: Dexpler: Converting Android Dalvik Bytecode to Jimple for Static
  Analysis with Soot, First Author: Alexandre Bartel
Index 3407 - No paper found - Title: Parallel implementation of fast randomized algorithms for the
  decomposition of low rank matrices, First Author: Andrew Lucas
Index 3433 - No paper found - Title: Fuzzy - Rough Feature Selection With {\Pi}- Membership Function For
  Mammogram Classification, First Author: R Roselin
Index 3488 - No paper found - Title: Multi-games and a double game extension of the Prisoner's Dilemma, First Author: Ali Ghoroghi
Index 3509 - No paper found - Title: On Optimality of Myopic Policy for Restless Multi-armed Bandit Problem
  with Non i.i.d. Arms and Imperfect Detection, First Author: Kehao Wang
Index 3588 - No paper found - Title: Syst\`eme d'aide \`a l'acc\`es lexical : trouver le mot qu'on a sur le
  bout de la langue, First Author: Michael Zock
Index 3645 - No paper found - Title: New Technique for Proposing Network's Topology using GPS and GIS, First Author: Ayad Ghany Ismaeel
Index 3649 - No paper found - Title: ICT's role in e-Governance in India and Malaysia: A Review, First Author: Jasni Mohamad Zain
Index 3661 - No paper found - Title: Possibilistic Pertinence Feedback and Semantic Networks for Goal's
  Extraction, First Author: Omri Mohamed Nazih
Index 3676 - No paper found - Title: Relevance Feedback for Goal's Extraction from Fuzzy Semantic Networks, First Author: Omri Mohamed Nazih
Index 3685 - No paper found - Title: Comparison of the C4.5 and a Naive Bayes Classifier for the Prediction
  of Lung Cancer Survivability, First Author: George Dimitoglou
Index 3695 - No paper found - Title: From Pop-Up Cards to Coffee-Cup Caustics: The Knight's Visor, First Author: Joseph O'Rourke
Index 3753 - No paper found - Title: Escaping Prisoner's Dilemmas: From Discord to Harmony in the Landscape
  of 2x2 Games, First Author: Bryan Bruns
Index 3761 - No paper found - Title: A novel 2.5D approach for interfacing with web applications, First Author: Saurabh Sarkar
Index 3813 - No paper found - Title: Data Aggregation without Secure Channel: How to Evaluate a Multivariate
  Polynomial Securely, First Author: Taeho Jung
Index 3815 - No paper found - Title: Time Warp on the Go (Updated Version), First Author: Gabriele D'Angelo
Index 3908 - No paper found - Title: The Ultrasound Visualization Pipeline - A Survey, First Author: Ivan Viola
Index 3922 - No paper found - Title: Correlating Pedestrian Flows and Search Engine Queries, First Author: Vassilis Kostakos
Index 3994 - No paper found - Title: The Planetary Project: Towards eMath3.0, First Author: Michael Kohlhase
Index 4133 - No paper found - Title: Pearl's Calculus of Intervention Is Complete, First Author: Yimin Huang
Index 4193 - No paper found - Title: La th\'eorie des jeux pour l'\'etablissement des contrats dans les
  r\'eseaux interdomaines, First Author: Boubkeur Boudaoud
Index 4214 - No paper found - Title: An Overview of the AAVSO's Information Technology Infrastructure From
  1967 to 1997, First Author: Richard Kinne
Index 4269 - No paper found - Title: Alan Turing's Legacy: Info-Computational Philosophy of Nature, First Author: Gordana Dodig Crnkovic
Index 4275 - No paper found - Title: The Longest Queue Drop Policy for Shared-Memory Switches is
  1.5-competitive, First Author: Nicolaos Matsakis
Index 4280 - No paper found - Title: Higher-Order Partial Least Squares (HOPLS): A Generalized Multi-Linear
  Regression Method, First Author: Qibin Zhao Dr
Index 4350 - No paper found - Title: On the Generalized Delay-Capacity Tradeoff of Mobile Networks with
  L\'evy Flight Mobility, First Author: Yoora Kim
Index 4396 - No paper found - Title: Seamless Infrastructure independent Multi Homed NEMO Handoff Using
  Effective and Timely IEEE 802.21 MIH triggers, First Author: Abdelhafid Abdelmalek Dr.
Index 4401 - No paper found - Title: Reordering Rows for Better Compression: Beyond the Lexicographic Order, First Author: Daniel Lemire
Index 4404 - No paper found - Title: NAAS: Negotiation Automation Architecture with Buyer's Behavior Pattern
  Prediction Component, First Author: Debajyoti Mukhopadhyay Prof.
Index 4422 - No paper found - Title: Etude de Mod\`eles \`a base de r\'eseaux Bay\'esiens pour l'aide au
  diagnostic de tumeurs c\'er\'ebrales, First Author: Mohamed Ali Mahjoub
Index 4432 - No paper found - Title: A New Weighted Spearman's Footrule as A Measure of Distance between
  Rankings, First Author: Jianwen Chen
Index 4509 - No paper found - Title: Roadmap for Establishing Interoperability of Heterogeneous Cellular
  Network Technologies -1-, First Author: Neji Hasni
Index 4537 - No paper found - Title: Formalizing Frankl's Conjecture: FC-families, First Author: Filip Mari\'c
Index 4546 - No paper found - Title: Making 802.11 DCF Optimal: Design, Implementation, and Evaluation, First Author: Jinsung Lee
Index 4638 - No paper found - Title: Set-based Multiobjective Fitness Landscapes: A Preliminary Study, First Author: Sebastien Verel
Index 4644 - No paper found - Title: Solving Stochastic B\"uchi Games on Infinite Arenas with a Finite
  Attractor, First Author: EPTCS
Index 4650 - No paper found - Title: The Road to VEGAS: Guiding the Search over Neutral Networks, First Author: Sebastien Verel
Index 4723 - No paper found - Title: A New Training Algorithm for Kanerva's Sparse Distributed Memory, First Author: Lou Marvin Caraig
Index 4739 - No paper found - Title: Customer Empowerment in Healthcare Organisations Through CRM 2.0: Survey
  Results from Brunei Tracking a Future Path in E-Health Research, First Author: Muhammad Anshari Mr
Index 4778 - No paper found - Title: FMLtoHOL (version 1.0): Automating First-order Modal Logics with LEO-II
  and Friends, First Author: Christoph Benzmueller
Index 4779 - No paper found - Title: An Algebraic Theory of Complexity for Discrete Optimisation, First Author: Stanislav Zivny
Index 4790 - No paper found - Title: Une approche IDM de transformation exog\`ene de Wright vers Ada, First Author: Mourad Kmimech
Index 4805 - No paper found - Title: V\'erification d'assemblages de composants logiciels : Application aux
  mod\`eles de composants UML2.0 et Ugatze, First Author: Mourad Kmimech
Index 4820 - No paper found - Title: Maintenance de l'outil Wr2fdr de traduction de Wright vers CSP, First Author: Mourad Kmimech
Index 4878 - No paper found - Title: Don't Thrash: How to Cache Your Hash on Flash, First Author: Rob Johnson
Index 4929 - No paper found - Title: A Framework of Value Exchange and Role Playing in Web 2.0 WebSites, First Author: Mutaz M. Al-Debei
Index 4958 - No paper found - Title: Tracing scientist's research trends realtimely, First Author: Xianwen Wang
Index 4984 - No paper found - Title: Don't Be Strict in Local Search!, First Author: Sebastian Ordyniak
Index 5028 - No paper found - Title: A Novel Fuzzy Logic Based Adaptive Supertwisting Sliding Mode Control
  Algorithm for Dynamic Uncertain Systems, First Author: Abdul Kareem
Index 5064 - No paper found - Title: Simulation Analysis of IEEE 802.15.4 Non-beacon Mode at Varying Data
  Rates, First Author: Nadeem Javaid
Index 5077 - No paper found - Title: Proceedings 18th international workshop on Cellular Automata and
  Discrete Complex Systems and 3rd international symposium Journ\'ees Automates
  Cellulaires, First Author: EPTCS
Index 5121 - No paper found - Title: Exploring performance and power properties of modern multicore chips via
  simple machine models, First Author: Georg Hager
Index 5173 - No paper found - Title: Adding Methodological Testing to Naur's Anti-formalism, First Author: Steven Meyer J
Index 5190 - No paper found - Title: Hybrid Automata and \epsilon-Analysis on a Neural Oscillator, First Author: EPTCS
Index 5273 - No paper found - Title: User Manual for the Complex Conjugate Gradient Methods Library CCGPAK
  2.0, First Author: Piotr Flatau
Index 5501 - No paper found - Title: On the Use of Lee's Protocol for Speckle-Reducing Techniques, First Author: Alejandro Frery
Index 5531 - No paper found - Title: MapReduce is Good Enough? If All You Have is a Hammer, Throw Away
  Everything That's Not a Nail!, First Author: Jimmy Lin
Index 5609 - No paper found - Title: Modeling IEEE 802.15.4 Networks over Fading Channels, First Author: Piergiuseppe Di Marco
Index 5680 - No paper found - Title: Four Soviets Walk the Dog-Improved Bounds for Computing the Fr\'echet
  Distance, First Author: Wolfgang Mulzer
Index 5691 - No paper found - Title: Frames in Outdoor 802.11 WLANs Provide a Hybrid
  Binary-Symmetric/Packet-Erasure Channel, First Author: Xiaomin Chen
Index 5734 - No paper found - Title: Proof of Church's Thesis, First Author: Ram\'on Casares
Index 5750 - No paper found - Title: Un mod\`ele de trafic adapt\'e \`a la volatilit\'e de charge d'un
  service de vid\'eo \`a la demande: Identification, validation et application
  \`a la gestion dynamique de ressources, First Author: Shubhabrata Roy
Index 5756 - No paper found - Title: A New Continuous-Time Equality-Constrained Optimization Method to Avoid
  Singularity, First Author: Quan Quan
Index 5771 - No paper found - Title: eBay's Market Intermediation Problem, First Author: Christopher Wilkens
Index 5812 - No paper found - Title: Extension du formalisme des flux op\'erationnels par une alg\`ebre
  temporelle, First Author: Valmi Dufour-Lussier
Index 5815 - No paper found - Title: Fast Point-Feature Label Placement for Dynamic Visualizations (2007), First Author: Kevin Mote
Index 5816 - No paper found - Title: Fast Point-Feature Label Placement for Dynamic Visualizations (Thesis), First Author: Kevin Mote
Index 5836 - No paper found - Title: Movie Popularity Classification based on Inherent Movie Attributes using
  C4.5,PART and Correlation Coefficient, First Author: Tanvir Ahmed
Index 5981 - No paper found - Title: Design and Characterization of a Full-duplex Multi-antenna System for
  WiFi networks, First Author: Vaneet Aggarwal
Index 6037 - No paper found - Title: Learn with SAT to Minimize B\"uchi Automata, First Author: EPTCS
Index 6040 - No paper found - Title: The \mu-Calculus Alternation Hierarchy Collapses over Structures with
  Restricted Connectivity, First Author: EPTCS
Index 6091 - No paper found - Title: Applying G\"odel's Dialectica Interpretation to Obtain a Constructive
  Proof of Higman's Lemma, First Author: EPTCS
Index 6128 - No paper found - Title: Le droit du num\'erique : une histoire \`a pr\'eserver, First Author: Francois Pellegrini
Index 6131 - No paper found - Title: User-Centric Optimization for Constraint Web Service Composition using a
  Fuzzy-guided Genetic Algorithm System, First Author: Mahdi Bakhshi
Index 6156 - No paper found - Title: \'Economie des biens immat\'eriels - Economics of Intangible Goods, First Author: Laurent Fournier
Index 6241 - No paper found - Title: Use of Repositories and its Significance for Engineering Education / El
  Uso de Repositorios y su Importancia para la Educaci\'on en Ingenier\'ia, First Author: Jose Texier
Index 6286 - No paper found - Title: Mod\'elisation multi-niveaux dans AA4MM, First Author: Vincent Chevrier
Index 6311 - No paper found - Title: Propuesta de sistema GeoInform\'atico con representaci\'on de escenarios
  para auxiliar en la nueva metodolog\'ia propuesta por INETER y la UNI para el
  estudio a gran escala de la vulnerabilidad y da\~nos debido a sismos en las
  edificaciones, First Author: Federico-Vladimir Gutierrez-Corea
Index 6348 - No paper found - Title: Shared Execution of Path Queries on Road Networks, First Author: Mohammed Eunus Ali Dr
Index 6350 - No paper found - Title: Brandt's Fully Private Auction Protocol Revisited, First Author: Jean-Guillaume Dumas
Index 6380 - No paper found - Title: Fast Data in the Era of Big Data: Twitter's Real-Time Related Query
  Suggestion Architecture, First Author: Jimmy Lin
Index 6477 - No paper found - Title: Project G.N.O.S.I.S.: Geographical Network Of Synoptic Information
  System, First Author: Pietro Oliva
Index 6484 - No paper found - Title: Dynamic Frequency Management in 802.11-based Multi-Radio Wireless
  Networks, First Author: George Athanasiou
Index 6494 - No paper found - Title: Self-improving Algorithms for Coordinate-Wise Maxima and Convex Hulls, First Author: Wolfgang Mulzer
Index 6563 - No paper found - Title: Hardness Results on Curve/Point Set Matching with Fr\'echet Distance, First Author: Paul Accisano
Index 6712 - No paper found - Title: Cost-sensitive C4.5 with post-pruning and competition, First Author: Zilong Xu
Index 6747 - No paper found - Title: The crossing numbers of $K_m\times P_n$ and $K_m\times C_n$, First Author: Baigong Zheng
Index 6775 - No paper found - Title: An Experiment on the Connection between the DLs' Family DL<ForAllPiZero>
  and the Real World, First Author: Antonio Pisasale
Index 6781 - No paper found - Title: On Top-$k$ Weighted SUM Aggregate Nearest and Farthest Neighbors in the
  $L_1$ Plane, First Author: Haitao Wang
Index 6813 - No paper found - Title: A Composite Design Pattern for Service Injection and Composition of Web
  Services for Peer-To-Peer Computing with Service Oriented Architecture, First Author: Vishnuvardhan Mannava M.E
Index 6831 - No paper found - Title: Visualization and clustering by 3D cellular automata: Application to
  unstructured data, First Author: Abdelmalek Amine
Index 6837 - No paper found - Title: A bird's-eye view of scientific trading: Dependency relations among
  fields of science, First Author: Erjia Yan
Index 6883 - No paper found - Title: Int\'egration des intergiciels de grilles de PC dans le nuage SlapOS :
  le cas de BOINC, First Author: Christophe Cerin
Index 6899 - No paper found - Title: Additive-State-Decomposition Dynamic Inversion Stabilized Control for a
  Class of Uncertain MIMO Systems, First Author: Quan Quan
Index 6917 - No paper found - Title: JooFlux : modification de code \`a chaud et injection d'aspects
  directement dans une JVM 7, First Author: Frederic Le Mouel
Index 6919 - No paper found - Title: WiGig and IEEE 802.11ad - For multi-gigabyte-per-second WPAN and WLAN, First Author: Debashis Dash
Index 6969 - No paper found - Title: The $\theta_5$-graph is a spanner, First Author: Sander Verdonschot
Index 7006 - No paper found - Title: Toward Turing's A-type Unorganised Machines in an Unconventional
  Substrate: a Dynamic Representation in Compartmentalised Excitable Chemical
  Media, First Author: Andrew Adamatzky
Index 7010 - No paper found - Title: The Clustering of Author's Texts of English Fiction in the Vector Space
  of Semantic Fields, First Author: Bohdan Pavlyshenko
Index 7042 - No paper found - Title: Condens\'es de textes par des m\'ethodes num\'eriques, First Author: Juan Manuel Torres Moreno
Index 7076 - No paper found - Title: Data traffic load balancing and QoS in IEEE 802.11 network: Experimental
  study of the signal strength effect, First Author: Thierry Divoux
Index 7082 - No paper found - Title: On the complexity of learning a language: An improvement of Block's
  algorithm, First Author: Eric  Werner
Index 7083 - No paper found - Title: A beaconing approach whith key exchange in vehicular ad hoc networks, First Author: Mohammed Erritali
Index 7101 - No paper found - Title: A Simple Insight into Iterative Belief Propagation's Success, First Author: Rina Dechter
Index 7185 - No paper found - Title: Taming the Infinite Chase: Query Answering under Expressive Integrity
  Constraints, First Author: Andrea Cal\`i PhD
Index 7219 - No paper found - Title: Incentives for P2P-Assisted Content Distribution: If You Can't Beat 'Em,
  Join 'Em, First Author: Vinod Ramaswamy Pillai
Index 7247 - No paper found - Title: An Interactive Graph-Based Automation Assistant: A Case Study to Manage
  the GIPSY's Distributed Multi-tier Run-Time System, First Author: Sleiman Rabah
Index 7250 - No paper found - Title: On Probability of Link Availability in Original and Modified AODV, FSR
  and OLSR Using 802.11 and 802.11p, First Author: Dr. Nadeem Javaid
Index 7266 - No paper found - Title: Extending a system in the calculus of structures with a self-dual
  quantifier, First Author: Luca Roversi
Index 7281 - No paper found - Title: Map / Reduce Deisgn and Implementation of Apriori Alogirthm for handling
  voluminous data-sets, First Author: Anjan Krishnamurthy
Index 7293 - No paper found - Title: D'Event-B vers UML/OCL en passant par UML/EM-OCL, First Author: Imen Sayar
Index 7319 - No paper found - Title: Heat transfer in buildings : application to air solar heating and Trombe
  wall design, First Author: Harry Boyer
Index 7327 - No paper found - Title: Hypercontractive inequalities via SOS, and the Frankl--R\"odl graph, First Author: Li-Yang Tan
Index 7343 - No paper found - Title: CODYRUN, outil de simulation et d'aide \`a la conception
  thermo-a\'eraulique de b\^atiments, First Author: Harry Boyer
Index 7345 - No paper found - Title: Multiple model software for airflow and thermal building simulation. A
  case study under tropical humid climate, in R\'eunion Island, First Author: Harry Boyer
Index 7359 - No paper found - Title: Hierarchical Graphical Models for Multigroup Shape Analysis using
  Expectation Maximization with Sampling in Kendall's Shape Space, First Author: Yen-Yun Yu
Index 7396 - No paper found - Title: The Buffered \pi-Calculus: A Model for Concurrent Languages, First Author: Xiaojie Deng
Index 7502 - No paper found - Title: The Thing That We Tried Didn't Work Very Well : Deictic Representation
  in Reinforcement Learning, First Author: Sarah Finney
Index 7534 - No paper found - Title: Decision Principles to justify Carnap's Updating Method and to Suggest
  Corrections of Probability Judgments (Invited Talks), First Author: Peter P. Wakker
Index 7560 - No paper found - Title: Analysis of Influence of Internet Retail Service Quality (IRSQ) to
  Consumer Online Shopping Satisfaction at www.kebanaran.com, First Author: Imam Tahyudin
Index 7627 - No paper found - Title: The \v{C}ern\'{y} conjecture for small automata: experimental report, First Author: Marek Szyku{\l}a
Index 7705 - No paper found - Title: Science 3.0: Corrections to the Science 2.0 paradigm, First Author: Vladimir Teif
Index 7718 - No paper found - Title: ALGORITHM 937: MINRES-QLP for Singular Symmetric and Hermitian Linear
  Equations and Least-Squares Problems, First Author: Sou-Cheng Choi
Index 7737 - No paper found - Title: An Outline of Security in Wireless Sensor Networks: Threats,
  Countermeasures and Implementations, First Author: Muhammad Yasir Malik